Added Component: Designator=5VCC(5VCC)
Add component. Clean all parameters for all variants
Added Component: Designator=12VCC(12VCC)
Add component. Clean all parameters for all variants
Added Component: Designator=O1(Comm_Out)
Add component. Clean all parameters for all variants
Added Component: Designator=O2(12VCC)
Add component. Clean all parameters for all variants
Added Component: Designator=U1(HM-10)
Add component. Clean all parameters for all variants
Added Component: Designator=U2(Arduino Nano)
Add component. Clean all parameters for all variants
Added Pin To Net: NetName=5V Pin=5VCC-1
Added Pin To Net: NetName=5V Pin=U1-1
Added Pin To Net: NetName=5V Pin=U2-5V
Added Net: Name=5V
Added Pin To Net: NetName=12V Pin=12VCC-1
Added Pin To Net: NetName=12V Pin=O2-1
Added Net: Name=12V
Added Pin To Net: NetName=GND_P Pin=12VCC-2
Added Pin To Net: NetName=GND_P Pin=O2-2
Added Net: Name=GND_P
Added Pin To Net: NetName=GND Pin=5VCC-2
Added Pin To Net: NetName=GND Pin=U1-2
Added Pin To Net: NetName=GND Pin=U2-GND
Added Net: Name=GND
Added Pin To Net: NetName=NetO1_1 Pin=O1-1
Added Pin To Net: NetName=NetO1_1 Pin=U2-RX
Added Net: Name=NetO1_1
Added Pin To Net: NetName=NetO1_2 Pin=O1-2
Added Pin To Net: NetName=NetO1_2 Pin=U2-TX
Added Net: Name=NetO1_2
Added Pin To Net: NetName=NetU1_3 Pin=U1-3
Added Pin To Net: NetName=NetU1_3 Pin=U2-RXD
Added Net: Name=NetU1_3
Added Pin To Net: NetName=NetU1_4 Pin=U1-4
Added Pin To Net: NetName=NetU1_4 Pin=U2-TXD
Added Net: Name=NetU1_4
Added Member To Class: ClassName=MYO-BT Member=Component 5VCC Input 5V - Power Bank
Added Member To Class: ClassName=MYO-BT Member=Component 12VCC Input 12V - Powerbank
Added Member To Class: ClassName=MYO-BT Member=Component O1 Comm_Out
Added Member To Class: ClassName=MYO-BT Member=Component O2 12V Output
Added Member To Class: ClassName=MYO-BT Member=Component U1 HM-10
Added Member To Class: ClassName=MYO-BT Member=Component U2 Arduino_Nano
Added Room: Name=MYO-BT
